INFO - 00:10 - Application starting up...
INFO - 00:11 - Application starting up...
INFO - 00:11 - Application starting up...
INFO - 00:11 - Main menu options displayed...
ERROR - 00:12 - org.postgresql.util.PSQLException thrown when trying to retrieve record from 'pirates' table.
	Stack Trace: [Ljava.lang.StackTraceElement;@d86a6f
INFO - 00:15 - Application starting up...
INFO - 00:15 - Main menu options displayed...
ERROR - 00:15 - org.postgresql.util.PSQLException thrown when trying to retrieve record from 'pirates' table.
	Stack Trace: 	org.postgresql.core.v3.QueryExecutorImpl.receiveErrorResponse(QueryExecutorImpl.java:2676)
	org.postgresql.core.v3.QueryExecutorImpl.processResults(QueryExecutorImpl.java:2366)
	org.postgresql.core.v3.QueryExecutorImpl.execute(QueryExecutorImpl.java:356)
	org.postgresql.jdbc.PgStatement.executeInternal(PgStatement.java:490)
	org.postgresql.jdbc.PgStatement.execute(PgStatement.java:408)
	org.postgresql.jdbc.PgStatement.executeWithFlags(PgStatement.java:329)
	org.postgresql.jdbc.PgStatement.executeCachedSql(PgStatement.java:315)
	org.postgresql.jdbc.PgStatement.executeWithFlags(PgStatement.java:291)
	org.postgresql.jdbc.PgStatement.executeQuery(PgStatement.java:243)
	com.revature.pirateRev.dao.PirateDAO.readBySomeColumnValue(PirateDAO.java:82)
	com.revature.pirateRev.ui.Menu.logIn(Menu.java:159)
	com.revature.pirateRev.ui.Menu.open(Menu.java:33)
	com.revature.pirateRev.app.Driver.main(Driver.java:13)

INFO - 00:15 - User is exiting login. Going back to main menu...
ERROR - 00:16 - org.postgresql.util.PSQLException thrown when trying to retrieve record from 'pirates' table.
	Stack Trace: 	org.postgresql.core.v3.QueryExecutorImpl.receiveErrorResponse(QueryExecutorImpl.java:2676)
	org.postgresql.core.v3.QueryExecutorImpl.processResults(QueryExecutorImpl.java:2366)
	org.postgresql.core.v3.QueryExecutorImpl.execute(QueryExecutorImpl.java:356)
	org.postgresql.jdbc.PgStatement.executeInternal(PgStatement.java:490)
	org.postgresql.jdbc.PgStatement.execute(PgStatement.java:408)
	org.postgresql.jdbc.PgStatement.executeWithFlags(PgStatement.java:329)
	org.postgresql.jdbc.PgStatement.executeCachedSql(PgStatement.java:315)
	org.postgresql.jdbc.PgStatement.executeWithFlags(PgStatement.java:291)
	org.postgresql.jdbc.PgStatement.executeQuery(PgStatement.java:243)
	com.revature.pirateRev.dao.PirateDAO.readBySomeColumnValue(PirateDAO.java:82)
	com.revature.pirateRev.ui.Menu.register(Menu.java:106)
	com.revature.pirateRev.ui.Menu.open(Menu.java:37)
	com.revature.pirateRev.app.Driver.main(Driver.java:13)

INFO - 00:19 - Application starting up...
INFO - 00:19 - Main menu options displayed...
ERROR - 00:19 - org.postgresql.util.PSQLException thrown when trying to retrieve record from 'pirates' table.
	Stack Trace: 	org.postgresql.core.v3.QueryExecutorImpl.receiveErrorResponse(QueryExecutorImpl.java:2676)
	org.postgresql.core.v3.QueryExecutorImpl.processResults(QueryExecutorImpl.java:2366)
	org.postgresql.core.v3.QueryExecutorImpl.execute(QueryExecutorImpl.java:356)
	org.postgresql.jdbc.PgStatement.executeInternal(PgStatement.java:490)
	org.postgresql.jdbc.PgStatement.execute(PgStatement.java:408)
	org.postgresql.jdbc.PgStatement.executeWithFlags(PgStatement.java:329)
	org.postgresql.jdbc.PgStatement.executeCachedSql(PgStatement.java:315)
	org.postgresql.jdbc.PgStatement.executeWithFlags(PgStatement.java:291)
	org.postgresql.jdbc.PgStatement.executeQuery(PgStatement.java:243)
	com.revature.pirateRev.dao.PirateDAO.readBySomeColumnValue(PirateDAO.java:82)
	com.revature.pirateRev.ui.Menu.register(Menu.java:106)
	com.revature.pirateRev.ui.Menu.open(Menu.java:37)
	com.revature.pirateRev.app.Driver.main(Driver.java:13)

INFO - 00:21 - Application starting up...
INFO - 00:21 - Main menu options displayed...
ERROR - 00:22 - org.postgresql.util.PSQLException thrown when trying to retrieve record from 'pirates' table.
	Stack Trace: 	org.postgresql.core.v3.QueryExecutorImpl.receiveErrorResponse(QueryExecutorImpl.java:2676)
	org.postgresql.core.v3.QueryExecutorImpl.processResults(QueryExecutorImpl.java:2366)
	org.postgresql.core.v3.QueryExecutorImpl.execute(QueryExecutorImpl.java:356)
	org.postgresql.jdbc.PgStatement.executeInternal(PgStatement.java:490)
	org.postgresql.jdbc.PgStatement.execute(PgStatement.java:408)
	org.postgresql.jdbc.PgStatement.executeWithFlags(PgStatement.java:329)
	org.postgresql.jdbc.PgStatement.executeCachedSql(PgStatement.java:315)
	org.postgresql.jdbc.PgStatement.executeWithFlags(PgStatement.java:291)
	org.postgresql.jdbc.PgStatement.executeQuery(PgStatement.java:243)
	com.revature.pirateRev.dao.PirateDAO.readBySomeColumnValue(PirateDAO.java:82)
	com.revature.pirateRev.ui.Menu.register(Menu.java:106)
	com.revature.pirateRev.ui.Menu.open(Menu.java:37)
	com.revature.pirateRev.app.Driver.main(Driver.java:13)

ERROR - 00:22 - org.postgresql.util.PSQLException thrown when trying to retrieve record from 'pirates' table.
	Stack Trace: 	org.postgresql.core.v3.QueryExecutorImpl.receiveErrorResponse(QueryExecutorImpl.java:2676)
	org.postgresql.core.v3.QueryExecutorImpl.processResults(QueryExecutorImpl.java:2366)
	org.postgresql.core.v3.QueryExecutorImpl.execute(QueryExecutorImpl.java:356)
	org.postgresql.jdbc.PgStatement.executeInternal(PgStatement.java:490)
	org.postgresql.jdbc.PgStatement.execute(PgStatement.java:408)
	org.postgresql.jdbc.PgStatement.executeWithFlags(PgStatement.java:329)
	org.postgresql.jdbc.PgStatement.executeCachedSql(PgStatement.java:315)
	org.postgresql.jdbc.PgStatement.executeWithFlags(PgStatement.java:291)
	org.postgresql.jdbc.PgStatement.executeQuery(PgStatement.java:243)
	com.revature.pirateRev.dao.PirateDAO.readBySomeColumnValue(PirateDAO.java:82)
	com.revature.pirateRev.dao.OrderDAO.readAllByPirateUsername(OrderDAO.java:114)
	com.revature.pirateRev.ui.PirateHome.start(PirateHome.java:31)
	com.revature.pirateRev.ui.Menu.register(Menu.java:140)
	com.revature.pirateRev.ui.Menu.open(Menu.java:37)
	com.revature.pirateRev.app.Driver.main(Driver.java:13)

INFO - 00:25 - Application starting up...
INFO - 00:25 - Main menu options displayed...
INFO - 00:26 - Application starting up...
INFO - 00:26 - Main menu options displayed...
INFO - 00:28 - Application starting up...
INFO - 00:28 - Main menu options displayed...
INFO - 00:29 - Application starting up...
INFO - 00:29 - Main menu options displayed...
INFO - 00:32 - User is exiting login. Going back to main menu...
INFO - 00:35 - Application starting up...
INFO - 00:35 - Main menu options displayed...
INFO - 00:42 - Application starting up...
INFO - 00:42 - Main menu options displayed...
INFO - 00:46 - Application starting up...
INFO - 00:46 - Main menu options displayed...
INFO - 00:46 - Successful user authentication. Logging into user homepage...
INFO - 00:50 - Application starting up...
INFO - 00:50 - Main menu options displayed...
INFO - 00:59 - Application starting up...
INFO - 00:59 - Main menu options displayed...
INFO - 01:00 - Successful user authentication. Logging into user homepage...
INFO - 01:01 - Application starting up...
INFO - 01:01 - Main menu options displayed...
INFO - 01:02 - Successful user authentication. Logging into user homepage...
INFO - 01:02 - Application starting up...
INFO - 01:02 - Main menu options displayed...
INFO - 01:03 - Application starting up...
INFO - 01:03 - Main menu options displayed...
INFO - 01:03 - Successful user authentication. Logging into user homepage...
INFO - 01:05 - Application starting up...
INFO - 01:05 - Main menu options displayed...
