ERROR - 03:04 - Could not get connection to database intance: No suitable driver found for pirate-supply-store.cbvhz1czalox.us-east-1.rds.amazonaws.com

Stack trace:

[Ljava.lang.StackTraceElement;@34033bd0
ERROR - 03:13 - Could not get connection to database intance: No suitable driver found for pirate-supply-store.cbvhz1czalox.us-east-1.rds.amazonaws.com

Stack trace:

[Ljava.lang.StackTraceElement;@61dc03ce
ERROR - 03:14 - Could not get connection to database intance: No suitable driver found for pirate-supply-store.cbvhz1czalox.us-east-1.rds.amazonaws.com

Stack trace:

[Ljava.lang.StackTraceElement;@61dc03ce
ERROR - 03:16 - Could not get connection to database intance: No suitable driver found for pirate-supply-store.cbvhz1czalox.us-east-1.rds.amazonaws.com

Stack trace:

[Ljava.lang.StackTraceElement;@61dc03ce
ERROR - 03:16 - Could not get connection to database intance: No suitable driver found for pirate-supply-store.cbvhz1czalox.us-east-1.rds.amazonaws.com

Stack trace:

[Ljava.lang.StackTraceElement;@61dc03ce
ERROR - 03:17 - Could not get connection to database intance: No suitable driver found for pirate-supply-store.cbvhz1czalox.us-east-1.rds.amazonaws.com

Stack trace:

[Ljava.lang.StackTraceElement;@61dc03ce
ERROR - 03:17 - Could not get connection to database intance: No suitable driver found for pirate-supply-store.cbvhz1czalox.us-east-1.rds.amazonaws.com

Stack trace:

[Ljava.lang.StackTraceElement;@61dc03ce
ERROR - 03:18 - Could not get connection to database intance: No suitable driver found for pirate-supply-store.cbvhz1czalox.us-east-1.rds.amazonaws.com

Stack trace:

[Ljava.lang.StackTraceElement;@61dc03ce
ERROR - 03:19 - Could not get connection to database intance: No suitable driver found for pirate-supply-store.cbvhz1czalox.us-east-1.rds.amazonaws.com

Stack trace:

java.sql.SQLException: No suitable driver found for pirate-supply-store.cbvhz1czalox.us-east-1.rds.amazonaws.com
INFO - 03:21 - Application starting up...
INFO - 03:21 - Main menu options displayed...
ERROR - 03:21 - Could not get connection to database intance: No suitable driver found for pirate-supply-store.cbvhz1czalox.us-east-1.rds.amazonaws.com

Stack trace:

java.sql.SQLException: No suitable driver found for pirate-supply-store.cbvhz1czalox.us-east-1.rds.amazonaws.com
ERROR - 03:25 - Could not get connection to database intance: No suitable driver found for pirate-supply-store.cbvhz1czalox.us-east-1.rds.amazonaws.com

Stack trace:

java.sql.SQLException: No suitable driver found for pirate-supply-store.cbvhz1czalox.us-east-1.rds.amazonaws.com
ERROR - 03:26 - Could not get connection to database intance: No suitable driver found for pirate-supply-store.cbvhz1czalox.us-east-1.rds.amazonaws.com

Stack trace:

java.sql.SQLException: No suitable driver found for pirate-supply-store.cbvhz1czalox.us-east-1.rds.amazonaws.com
ERROR - 03:26 - Could not get connection to database intance: No suitable driver found for pirate-supply-store.cbvhz1czalox.us-east-1.rds.amazonaws.com

Stack trace:

java.sql.SQLException: No suitable driver found for pirate-supply-store.cbvhz1czalox.us-east-1.rds.amazonaws.com
ERROR - 03:31 - Could not get connection to database intance: No suitable driver found for pirate-supply-store.cbvhz1czalox.us-east-1.rds.amazonaws.com

Stack trace:

java.sql.SQLException: No suitable driver found for pirate-supply-store.cbvhz1czalox.us-east-1.rds.amazonaws.com
ERROR - 03:31 - Could not get connection to database intance: No suitable driver found for pirate-supply-store.cbvhz1czalox.us-east-1.rds.amazonaws.com

Stack trace:

java.sql.SQLException: No suitable driver found for pirate-supply-store.cbvhz1czalox.us-east-1.rds.amazonaws.com
ERROR - 03:32 - Could not get connection to database intance: No suitable driver found for pirate-supply-store.cbvhz1czalox.us-east-1.rds.amazonaws.com

Stack trace:

java.sql.SQLException: No suitable driver found for pirate-supply-store.cbvhz1czalox.us-east-1.rds.amazonaws.com
ERROR - 10:24 - Could not get connection to database intance: No suitable driver found for pirate-supply-store.cbvhz1czalox.us-east-1.rds.amazonaws.com
INFO - 10:32 - Application starting up...
INFO - 10:32 - Main menu options displayed...
ERROR - 10:32 - Could not get connection to database intance: No suitable driver found for pirate-supply-store.cbvhz1czalox.us-east-1.rds.amazonaws.com
INFO - 10:34 - Application starting up...
INFO - 10:34 - Main menu options displayed...
ERROR - 10:43 - Could not get connection to database intance: FATAL: password authentication failed for user "dmanzione"
ERROR - 10:45 - Could not get connection to database intance: FATAL: password authentication failed for user "dmanzione"
ERROR - 10:45 - Could not get connection to database intance: FATAL: password authentication failed for user "dmanzione"
INFO - 11:04 - Application starting up...
INFO - 11:04 - Main menu options displayed...
INFO - 11:18 - Application starting up...
INFO - 11:18 - Main menu options displayed...
INFO - 13:25 - Application starting up...
INFO - 13:25 - Main menu options displayed...
INFO - 13:27 - Application starting up...
INFO - 13:27 - Main menu options displayed...
INFO - 13:28 - Application starting up...
INFO - 13:28 - Main menu options displayed...
INFO - 13:30 - Application starting up...
INFO - 13:30 - Main menu options displayed...
INFO - 13:38 - Application starting up...
INFO - 13:38 - Main menu options displayed...
INFO - 13:39 - Application starting up...
INFO - 13:39 - Main menu options displayed...
INFO - 13:42 - Application starting up...
INFO - 13:42 - Main menu options displayed...
INFO - 13:44 - Application starting up...
INFO - 13:44 - Main menu options displayed...
INFO - 13:44 - Application starting up...
INFO - 13:44 - Main menu options displayed...
INFO - 13:45 - Application starting up...
INFO - 13:45 - Main menu options displayed...
INFO - 13:49 - Application starting up...
INFO - 13:49 - Main menu options displayed...
INFO - 13:52 - Application starting up...
INFO - 13:52 - Main menu options displayed...
INFO - 13:52 - Application starting up...
INFO - 13:52 - Main menu options displayed...
INFO - 13:52 - Application starting up...
INFO - 13:52 - Main menu options displayed...
INFO - 13:53 - Application starting up...
INFO - 13:53 - Main menu options displayed...
INFO - 13:58 - Application starting up...
INFO - 13:58 - Main menu options displayed...
INFO - 13:59 - Application starting up...
INFO - 13:59 - Main menu options displayed...
INFO - 14:01 - Application starting up...
INFO - 14:01 - Main menu options displayed...
INFO - 14:03 - Application starting up...
INFO - 14:03 - Main menu options displayed...
INFO - 14:17 - Application starting up...
INFO - 14:17 - Main menu options displayed...
INFO - 14:28 - Application starting up...
INFO - 14:28 - Application starting up...
INFO - 14:28 - Main menu options displayed...
INFO - 14:30 - Application starting up...
INFO - 14:30 - Main menu options displayed...
INFO - 14:49 - Application starting up...
INFO - 14:49 - Main menu options displayed...
INFO - 14:49 - Application starting up...
INFO - 14:49 - Main menu options displayed...
INFO - 14:59 - Application starting up...
INFO - 14:59 - Main menu options displayed...
INFO - 15:20 - Application starting up...
INFO - 15:20 - Main menu options displayed...
INFO - 15:32 - Application starting up...
INFO - 15:32 - Main menu options displayed...
INFO - 16:02 - Application starting up...
INFO - 16:02 - Main menu options displayed...
INFO - 16:05 - Application starting up...
INFO - 16:05 - Main menu options displayed...
INFO - 16:17 - Application starting up...
INFO - 16:17 - Main menu options displayed...
INFO - 16:19 - Application starting up...
INFO - 16:19 - Main menu options displayed...
INFO - 16:21 - Application starting up...
INFO - 16:21 - Main menu options displayed...
INFO - 16:23 - Application starting up...
INFO - 16:23 - Main menu options displayed...
